<?xml version="1.0" encoding="UTF-8"?>
<testng-results ignored="0" total="1" passed="1" failed="0" skipped="0">
  <reporter-output>
  </reporter-output>
  <suite started-at="2021-09-03T12:40:54 IST" name="Default suite" finished-at="2021-09-03T12:41:28 IST" duration-ms="34271">
    <groups>
      <group name="cucumber">
        <method signature="AbstractTestNGCucumberTests.runScenario(io.cucumber.testng.PickleWrapper, io.cucumber.testng.FeatureWrapper)[pri:0, instance:com.hilti.ta.FireStopSubmittals@2177849e]" name="runScenario" class="io.cucumber.testng.AbstractTestNGCucumberTests"/>
      </group> <!-- cucumber -->
    </groups>
    <test started-at="2021-09-03T12:40:54 IST" name="Default test" finished-at="2021-09-03T12:41:28 IST" duration-ms="34271">
      <class name="com.hilti.ta.FireStopSubmittals">
        <test-method is-config="true" signature="setUpClass()[pri:0, instance:com.hilti.ta.FireStopSubmittals@2177849e]" started-at="2021-09-03T12:40:54 IST" name="setUpClass" finished-at="2021-09-03T12:40:54 IST" duration-ms="299" status="PASS">
          <reporter-output>
          </reporter-output>
        </test-method> <!-- setUpClass -->
        <test-method signature="runScenario(io.cucumber.testng.PickleWrapper, io.cucumber.testng.FeatureWrapper)[pri:0, instance:com.hilti.ta.FireStopSubmittals@2177849e]" started-at="2021-09-03T12:40:54 IST" name="runScenario" description="Runs Cucumber Scenarios" data-provider="scenarios" finished-at="2021-09-03T12:41:27 IST" duration-ms="33446" status="PASS">
          <params>
            <param index="0">
              <value>
                <![CDATA["Verify submittal generation process"]]>
              </value>
            </param>
            <param index="1">
              <value>
                <![CDATA["Submittals generation"]]>
              </value>
            </param>
          </params>
          <reporter-output>
          </reporter-output>
        </test-method> <!-- runScenario -->
        <test-method is-config="true" signature="tearDownClass()[pri:0, instance:com.hilti.ta.FireStopSubmittals@2177849e]" started-at="2021-09-03T12:41:27 IST" name="tearDownClass" finished-at="2021-09-03T12:41:28 IST" duration-ms="466" status="PASS">
          <reporter-output>
          </reporter-output>
        </test-method> <!-- tearDownClass -->
      </class> <!-- com.hilti.ta.FireStopSubmittals -->
    </test> <!-- Default test -->
  </suite> <!-- Default suite -->
</testng-results>
